<?xml version="1.0" encoding="UTF-8"?>
<!-- Generated by org.testng.reporters.JUnitReportReporter -->
<testsuite hostname="asd1549po01976" name="qait.task.gitautomate.GitRepoCreationTest" tests="1" failures="0" timestamp="29 Jun 2016 13:37:54 GMT" time="23.178" errors="0">
  <testcase name="beforeTest" time="23.178" classname="qait.task.gitautomate.GitRepoCreationTest"/>
</testsuite> <!-- qait.task.gitautomate.GitRepoCreationTest -->
